[2023-08-16 15:34:42,767 INFO optim_factory.py line 119 54263] Param groups = {
  "decay": {
    "weight_decay": 0.0001,
    "params": [
      "encoder.encoder.0.0.convs.0.0.weight",
      "encoder.encoder.1.0.convs.0.0.weight",
      "encoder.encoder.1.1.convs.convs.0.0.weight",
      "encoder.encoder.1.1.pwconv.0.0.weight",
      "encoder.encoder.1.1.pwconv.1.0.weight",
      "encoder.encoder.1.2.convs.convs.0.0.weight",
      "encoder.encoder.1.2.pwconv.0.0.weight",
      "encoder.encoder.1.2.pwconv.1.0.weight",
      "encoder.encoder.2.0.convs.0.0.weight",
      "encoder.encoder.2.1.convs.convs.0.0.weight",
      "encoder.encoder.2.1.pwconv.0.0.weight",
      "encoder.encoder.2.1.pwconv.1.0.weight",
      "encoder.encoder.2.2.convs.convs.0.0.weight",
      "encoder.encoder.2.2.pwconv.0.0.weight",
      "encoder.encoder.2.2.pwconv.1.0.weight",
      "encoder.encoder.2.3.convs.convs.0.0.weight",
      "encoder.encoder.2.3.pwconv.0.0.weight",
      "encoder.encoder.2.3.pwconv.1.0.weight",
      "encoder.encoder.2.4.convs.convs.0.0.weight",
      "encoder.encoder.2.4.pwconv.0.0.weight",
      "encoder.encoder.2.4.pwconv.1.0.weight",
      "encoder.encoder.3.0.convs.0.0.weight",
      "encoder.encoder.3.1.convs.convs.0.0.weight",
      "encoder.encoder.3.1.pwconv.0.0.weight",
      "encoder.encoder.3.1.pwconv.1.0.weight",
      "encoder.encoder.3.2.convs.convs.0.0.weight",
      "encoder.encoder.3.2.pwconv.0.0.weight",
      "encoder.encoder.3.2.pwconv.1.0.weight",
      "encoder.encoder.4.0.convs.0.0.weight",
      "encoder.encoder.4.1.convs.convs.0.0.weight",
      "encoder.encoder.4.1.pwconv.0.0.weight",
      "encoder.encoder.4.1.pwconv.1.0.weight",
      "encoder.encoder.4.2.convs.convs.0.0.weight",
      "encoder.encoder.4.2.pwconv.0.0.weight",
      "encoder.encoder.4.2.pwconv.1.0.weight",
      "decoder.decoder.0.0.convs.0.0.weight",
      "decoder.decoder.0.0.convs.1.0.weight",
      "decoder.decoder.1.0.convs.0.0.weight",
      "decoder.decoder.1.0.convs.1.0.weight",
      "decoder.decoder.2.0.convs.0.0.weight",
      "decoder.decoder.2.0.convs.1.0.weight",
      "decoder.decoder.3.0.convs.0.0.weight",
      "decoder.decoder.3.0.convs.1.0.weight",
      "head.head.0.0.weight",
      "head.head.2.0.weight"
    ],
    "lr_scale": 1.0
  },
  "no_decay": {
    "weight_decay": 0.0,
    "params": [
      "encoder.encoder.0.0.convs.0.0.bias",
      "encoder.encoder.1.0.convs.0.1.weight",
      "encoder.encoder.1.0.convs.0.1.bias",
      "encoder.encoder.1.1.convs.convs.0.1.weight",
      "encoder.encoder.1.1.convs.convs.0.1.bias",
      "encoder.encoder.1.1.pwconv.0.1.weight",
      "encoder.encoder.1.1.pwconv.0.1.bias",
      "encoder.encoder.1.1.pwconv.1.1.weight",
      "encoder.encoder.1.1.pwconv.1.1.bias",
      "encoder.encoder.1.2.convs.convs.0.1.weight",
      "encoder.encoder.1.2.convs.convs.0.1.bias",
      "encoder.encoder.1.2.pwconv.0.1.weight",
      "encoder.encoder.1.2.pwconv.0.1.bias",
      "encoder.encoder.1.2.pwconv.1.1.weight",
      "encoder.encoder.1.2.pwconv.1.1.bias",
      "encoder.encoder.2.0.convs.0.1.weight",
      "encoder.encoder.2.0.convs.0.1.bias",
      "encoder.encoder.2.1.convs.convs.0.1.weight",
      "encoder.encoder.2.1.convs.convs.0.1.bias",
      "encoder.encoder.2.1.pwconv.0.1.weight",
      "encoder.encoder.2.1.pwconv.0.1.bias",
      "encoder.encoder.2.1.pwconv.1.1.weight",
      "encoder.encoder.2.1.pwconv.1.1.bias",
      "encoder.encoder.2.2.convs.convs.0.1.weight",
      "encoder.encoder.2.2.convs.convs.0.1.bias",
      "encoder.encoder.2.2.pwconv.0.1.weight",
      "encoder.encoder.2.2.pwconv.0.1.bias",
      "encoder.encoder.2.2.pwconv.1.1.weight",
      "encoder.encoder.2.2.pwconv.1.1.bias",
      "encoder.encoder.2.3.convs.convs.0.1.weight",
      "encoder.encoder.2.3.convs.convs.0.1.bias",
      "encoder.encoder.2.3.pwconv.0.1.weight",
      "encoder.encoder.2.3.pwconv.0.1.bias",
      "encoder.encoder.2.3.pwconv.1.1.weight",
      "encoder.encoder.2.3.pwconv.1.1.bias",
      "encoder.encoder.2.4.convs.convs.0.1.weight",
      "encoder.encoder.2.4.convs.convs.0.1.bias",
      "encoder.encoder.2.4.pwconv.0.1.weight",
      "encoder.encoder.2.4.pwconv.0.1.bias",
      "encoder.encoder.2.4.pwconv.1.1.weight",
      "encoder.encoder.2.4.pwconv.1.1.bias",
      "encoder.encoder.3.0.convs.0.1.weight",
      "encoder.encoder.3.0.convs.0.1.bias",
      "encoder.encoder.3.1.convs.convs.0.1.weight",
      "encoder.encoder.3.1.convs.convs.0.1.bias",
      "encoder.encoder.3.1.pwconv.0.1.weight",
      "encoder.encoder.3.1.pwconv.0.1.bias",
      "encoder.encoder.3.1.pwconv.1.1.weight",
      "encoder.encoder.3.1.pwconv.1.1.bias",
      "encoder.encoder.3.2.convs.convs.0.1.weight",
      "encoder.encoder.3.2.convs.convs.0.1.bias",
      "encoder.encoder.3.2.pwconv.0.1.weight",
      "encoder.encoder.3.2.pwconv.0.1.bias",
      "encoder.encoder.3.2.pwconv.1.1.weight",
      "encoder.encoder.3.2.pwconv.1.1.bias",
      "encoder.encoder.4.0.convs.0.1.weight",
      "encoder.encoder.4.0.convs.0.1.bias",
      "encoder.encoder.4.1.convs.convs.0.1.weight",
      "encoder.encoder.4.1.convs.convs.0.1.bias",
      "encoder.encoder.4.1.pwconv.0.1.weight",
      "encoder.encoder.4.1.pwconv.0.1.bias",
      "encoder.encoder.4.1.pwconv.1.1.weight",
      "encoder.encoder.4.1.pwconv.1.1.bias",
      "encoder.encoder.4.2.convs.convs.0.1.weight",
      "encoder.encoder.4.2.convs.convs.0.1.bias",
      "encoder.encoder.4.2.pwconv.0.1.weight",
      "encoder.encoder.4.2.pwconv.0.1.bias",
      "encoder.encoder.4.2.pwconv.1.1.weight",
      "encoder.encoder.4.2.pwconv.1.1.bias",
      "decoder.decoder.0.0.convs.0.1.weight",
      "decoder.decoder.0.0.convs.0.1.bias",
      "decoder.decoder.0.0.convs.1.1.weight",
      "decoder.decoder.0.0.convs.1.1.bias",
      "decoder.decoder.1.0.convs.0.1.weight",
      "decoder.decoder.1.0.convs.0.1.bias",
      "decoder.decoder.1.0.convs.1.1.weight",
      "decoder.decoder.1.0.convs.1.1.bias",
      "decoder.decoder.2.0.convs.0.1.weight",
      "decoder.decoder.2.0.convs.0.1.bias",
      "decoder.decoder.2.0.convs.1.1.weight",
      "decoder.decoder.2.0.convs.1.1.bias",
      "decoder.decoder.3.0.convs.0.1.weight",
      "decoder.decoder.3.0.convs.0.1.bias",
      "decoder.decoder.3.0.convs.1.1.weight",
      "decoder.decoder.3.0.convs.1.1.bias",
      "head.head.0.1.weight",
      "head.head.0.1.bias",
      "head.head.2.0.bias"
    ],
    "lr_scale": 1.0
  }
}
[2023-08-16 15:34:42,767 INFO optim_factory.py line 119 54263] Param groups = {
  "decay": {
    "weight_decay": 0.0001,
    "params": [
      "encoder.encoder.0.0.convs.0.0.weight",
      "encoder.encoder.1.0.convs.0.0.weight",
      "encoder.encoder.1.1.convs.convs.0.0.weight",
      "encoder.encoder.1.1.pwconv.0.0.weight",
      "encoder.encoder.1.1.pwconv.1.0.weight",
      "encoder.encoder.1.2.convs.convs.0.0.weight",
      "encoder.encoder.1.2.pwconv.0.0.weight",
      "encoder.encoder.1.2.pwconv.1.0.weight",
      "encoder.encoder.2.0.convs.0.0.weight",
      "encoder.encoder.2.1.convs.convs.0.0.weight",
      "encoder.encoder.2.1.pwconv.0.0.weight",
      "encoder.encoder.2.1.pwconv.1.0.weight",
      "encoder.encoder.2.2.convs.convs.0.0.weight",
      "encoder.encoder.2.2.pwconv.0.0.weight",
      "encoder.encoder.2.2.pwconv.1.0.weight",
      "encoder.encoder.2.3.convs.convs.0.0.weight",
      "encoder.encoder.2.3.pwconv.0.0.weight",
      "encoder.encoder.2.3.pwconv.1.0.weight",
      "encoder.encoder.2.4.convs.convs.0.0.weight",
      "encoder.encoder.2.4.pwconv.0.0.weight",
      "encoder.encoder.2.4.pwconv.1.0.weight",
      "encoder.encoder.3.0.convs.0.0.weight",
      "encoder.encoder.3.1.convs.convs.0.0.weight",
      "encoder.encoder.3.1.pwconv.0.0.weight",
      "encoder.encoder.3.1.pwconv.1.0.weight",
      "encoder.encoder.3.2.convs.convs.0.0.weight",
      "encoder.encoder.3.2.pwconv.0.0.weight",
      "encoder.encoder.3.2.pwconv.1.0.weight",
      "encoder.encoder.4.0.convs.0.0.weight",
      "encoder.encoder.4.1.convs.convs.0.0.weight",
      "encoder.encoder.4.1.pwconv.0.0.weight",
      "encoder.encoder.4.1.pwconv.1.0.weight",
      "encoder.encoder.4.2.convs.convs.0.0.weight",
      "encoder.encoder.4.2.pwconv.0.0.weight",
      "encoder.encoder.4.2.pwconv.1.0.weight",
      "decoder.decoder.0.0.convs.0.0.weight",
      "decoder.decoder.0.0.convs.1.0.weight",
      "decoder.decoder.1.0.convs.0.0.weight",
      "decoder.decoder.1.0.convs.1.0.weight",
      "decoder.decoder.2.0.convs.0.0.weight",
      "decoder.decoder.2.0.convs.1.0.weight",
      "decoder.decoder.3.0.convs.0.0.weight",
      "decoder.decoder.3.0.convs.1.0.weight",
      "head.head.0.0.weight",
      "head.head.2.0.weight"
    ],
    "lr_scale": 1.0
  },
  "no_decay": {
    "weight_decay": 0.0,
    "params": [
      "encoder.encoder.0.0.convs.0.0.bias",
      "encoder.encoder.1.0.convs.0.1.weight",
      "encoder.encoder.1.0.convs.0.1.bias",
      "encoder.encoder.1.1.convs.convs.0.1.weight",
      "encoder.encoder.1.1.convs.convs.0.1.bias",
      "encoder.encoder.1.1.pwconv.0.1.weight",
      "encoder.encoder.1.1.pwconv.0.1.bias",
      "encoder.encoder.1.1.pwconv.1.1.weight",
      "encoder.encoder.1.1.pwconv.1.1.bias",
      "encoder.encoder.1.2.convs.convs.0.1.weight",
      "encoder.encoder.1.2.convs.convs.0.1.bias",
      "encoder.encoder.1.2.pwconv.0.1.weight",
      "encoder.encoder.1.2.pwconv.0.1.bias",
      "encoder.encoder.1.2.pwconv.1.1.weight",
      "encoder.encoder.1.2.pwconv.1.1.bias",
      "encoder.encoder.2.0.convs.0.1.weight",
      "encoder.encoder.2.0.convs.0.1.bias",
      "encoder.encoder.2.1.convs.convs.0.1.weight",
      "encoder.encoder.2.1.convs.convs.0.1.bias",
      "encoder.encoder.2.1.pwconv.0.1.weight",
      "encoder.encoder.2.1.pwconv.0.1.bias",
      "encoder.encoder.2.1.pwconv.1.1.weight",
      "encoder.encoder.2.1.pwconv.1.1.bias",
      "encoder.encoder.2.2.convs.convs.0.1.weight",
      "encoder.encoder.2.2.convs.convs.0.1.bias",
      "encoder.encoder.2.2.pwconv.0.1.weight",
      "encoder.encoder.2.2.pwconv.0.1.bias",
      "encoder.encoder.2.2.pwconv.1.1.weight",
      "encoder.encoder.2.2.pwconv.1.1.bias",
      "encoder.encoder.2.3.convs.convs.0.1.weight",
      "encoder.encoder.2.3.convs.convs.0.1.bias",
      "encoder.encoder.2.3.pwconv.0.1.weight",
      "encoder.encoder.2.3.pwconv.0.1.bias",
      "encoder.encoder.2.3.pwconv.1.1.weight",
      "encoder.encoder.2.3.pwconv.1.1.bias",
      "encoder.encoder.2.4.convs.convs.0.1.weight",
      "encoder.encoder.2.4.convs.convs.0.1.bias",
      "encoder.encoder.2.4.pwconv.0.1.weight",
      "encoder.encoder.2.4.pwconv.0.1.bias",
      "encoder.encoder.2.4.pwconv.1.1.weight",
      "encoder.encoder.2.4.pwconv.1.1.bias",
      "encoder.encoder.3.0.convs.0.1.weight",
      "encoder.encoder.3.0.convs.0.1.bias",
      "encoder.encoder.3.1.convs.convs.0.1.weight",
      "encoder.encoder.3.1.convs.convs.0.1.bias",
      "encoder.encoder.3.1.pwconv.0.1.weight",
      "encoder.encoder.3.1.pwconv.0.1.bias",
      "encoder.encoder.3.1.pwconv.1.1.weight",
      "encoder.encoder.3.1.pwconv.1.1.bias",
      "encoder.encoder.3.2.convs.convs.0.1.weight",
      "encoder.encoder.3.2.convs.convs.0.1.bias",
      "encoder.encoder.3.2.pwconv.0.1.weight",
      "encoder.encoder.3.2.pwconv.0.1.bias",
      "encoder.encoder.3.2.pwconv.1.1.weight",
      "encoder.encoder.3.2.pwconv.1.1.bias",
      "encoder.encoder.4.0.convs.0.1.weight",
      "encoder.encoder.4.0.convs.0.1.bias",
      "encoder.encoder.4.1.convs.convs.0.1.weight",
      "encoder.encoder.4.1.convs.convs.0.1.bias",
      "encoder.encoder.4.1.pwconv.0.1.weight",
      "encoder.encoder.4.1.pwconv.0.1.bias",
      "encoder.encoder.4.1.pwconv.1.1.weight",
      "encoder.encoder.4.1.pwconv.1.1.bias",
      "encoder.encoder.4.2.convs.convs.0.1.weight",
      "encoder.encoder.4.2.convs.convs.0.1.bias",
      "encoder.encoder.4.2.pwconv.0.1.weight",
      "encoder.encoder.4.2.pwconv.0.1.bias",
      "encoder.encoder.4.2.pwconv.1.1.weight",
      "encoder.encoder.4.2.pwconv.1.1.bias",
      "decoder.decoder.0.0.convs.0.1.weight",
      "decoder.decoder.0.0.convs.0.1.bias",
      "decoder.decoder.0.0.convs.1.1.weight",
      "decoder.decoder.0.0.convs.1.1.bias",
      "decoder.decoder.1.0.convs.0.1.weight",
      "decoder.decoder.1.0.convs.0.1.bias",
      "decoder.decoder.1.0.convs.1.1.weight",
      "decoder.decoder.1.0.convs.1.1.bias",
      "decoder.decoder.2.0.convs.0.1.weight",
      "decoder.decoder.2.0.convs.0.1.bias",
      "decoder.decoder.2.0.convs.1.1.weight",
      "decoder.decoder.2.0.convs.1.1.bias",
      "decoder.decoder.3.0.convs.0.1.weight",
      "decoder.decoder.3.0.convs.0.1.bias",
      "decoder.decoder.3.0.convs.1.1.weight",
      "decoder.decoder.3.0.convs.1.1.bias",
      "head.head.0.1.weight",
      "head.head.0.1.bias",
      "head.head.2.0.bias"
    ],
    "lr_scale": 1.0
  }
}
[2023-08-16 15:34:42,929 INFO s3dis_dataset.py line 152 54263] 
Totally 68 samples in val set
[2023-08-16 15:34:43,054 INFO s3dis_dataset.py line 152 54263] 
Totally 204 samples in train set
[2023-08-16 15:34:43,055 INFO main.py line 372 54263] >>>>>>>>>>>>>>>>>>>>>>>>>>>>>>>>>>>>>>> Start train and val >>>>>>>>>>>>>>>>>>>>>>>>>>>>>>>>>>>>>>>
